
[7m[1m[36m RUN [39m[22m[27m [36mv0.34.6[39m [90m/Users/fzuin/Desktop/nx/nx-coding-assignment-main/client[39m

(node:1718) [DEP0040] DeprecationWarning: The `punycode` module is deprecated. Please use a userland alternative instead.
(Use `node --trace-deprecation ...` to show where the warning was created)
(node:1718) [DEP0040] DeprecationWarning: The `punycode` module is deprecated. Please use a userland alternative instead.
(Use `node --trace-deprecation ...` to show where the warning was created)
(node:1718) [DEP0040] DeprecationWarning: The `punycode` module is deprecated. Please use a userland alternative instead.
(Use `node --trace-deprecation ...` to show where the warning was created)
(node:1718) [DEP0040] DeprecationWarning: The `punycode` module is deprecated. Please use a userland alternative instead.
(Use `node --trace-deprecation ...` to show where the warning was created)
(node:1718) [DEP0040] DeprecationWarning: The `punycode` module is deprecated. Please use a userland alternative instead.
(Use `node --trace-deprecation ...` to show where the warning was created)
(node:1718) [DEP0040] DeprecationWarning: The `punycode` module is deprecated. Please use a userland alternative instead.
(Use `node --trace-deprecation ...` to show where the warning was created)
(node:1718) [DEP0040] DeprecationWarning: The `punycode` module is deprecated. Please use a userland alternative instead.
(Use `node --trace-deprecation ...` to show where the warning was created)
(node:1718) [DEP0040] DeprecationWarning: The `punycode` module is deprecated. Please use a userland alternative instead.
(Use `node --trace-deprecation ...` to show where the warning was created)
(node:1718) [DEP0040] DeprecationWarning: The `punycode` module is deprecated. Please use a userland alternative instead.
(Use `node --trace-deprecation ...` to show where the warning was created)
 [32mâœ“[39m src/app/components/loader/loader.spec.tsx [2m ([22m[2m1 test[22m[2m)[22m[90m 31[2mms[22m[39m
 [32mâœ“[39m src/app/components/input/input.spec.tsx [2m ([22m[2m1 test[22m[2m)[22m[90m 37[2mms[22m[39m
 [32mâœ“[39m src/app/components/ticket-create-form/ticket-create-form.spec.tsx [2m ([22m[2m1 test[22m[2m)[22m[90m 40[2mms[22m[39m
 [32mâœ“[39m src/app/components/toggle/toggle.spec.tsx [2m ([22m[2m1 test[22m[2m)[22m[90m 32[2mms[22m[39m
 [32mâœ“[39m src/app/components/select/select.spec.tsx [2m ([22m[2m1 test[22m[2m)[22m[90m 36[2mms[22m[39m
 [32mâœ“[39m src/app/components/ticket-card/ticket-card.spec.tsx [2m ([22m[2m1 test[22m[2m)[22m[90m 45[2mms[22m[39m
 [32mâœ“[39m src/app/components/ticket-edit-form/ticket-edit-form.spec.tsx [2m ([22m[2m1 test[22m[2m)[22m[90m 77[2mms[22m[39m
[90mstderr[2m | src/app/components/ticket-edit-form/ticket-edit-form.spec.tsx[2m > [22m[2mTicketEditForm[2m > [22m[2mshould render successfully[22m[39m
Warning: You provided a `value` prop to a form field without an `onChange` handler. This will render a read-only field. If the field should be mutable use `defaultValue`. Otherwise, set either `onChange` or `readOnly`.
    at select
    at label
    at Select (/Users/fzuin/Desktop/nx/nx-coding-assignment-main/client/src/app/components/select/select.tsx:3:19)
    at TicketEditForm (/Users/fzuin/Desktop/nx/nx-coding-assignment-main/client/src/app/components/ticket-edit-form/ticket-edit-form.tsx:12:3)

 [32mâœ“[39m src/app/ticket-details/ticket-details.spec.tsx [2m ([22m[2m1 test[22m[2m)[22m[90m 87[2mms[22m[39m
[90mstdout[2m | src/app/ticket-details/ticket-details.spec.tsx[2m > [22m[2mApp[2m > [22m[2mrenders headline[22m[39m
[36m<body>[39m
  [36m<div>[39m
    [36m<div[39m
      [33mclass[39m=[32m"flex flex-col justify-center items-center"[39m
      [33mdata-testid[39m=[32m"ticketDetails"[39m
    [36m>[39m
      [36m<div[39m
        [33mclass[39m=[32m"w-96 animate__animated animate__fadeInUp"[39m
      [36m>[39m
        [36m<span[39m
          [33mclass[39m=[32m"loading loading-dots loading-lg"[39m
          [33mdata-testid[39m=[32m"loading"[39m
        [36m/>[39m
        [36m<button[39m
          [33mclass[39m=[32m"btn btn-secondary w-full"[39m
        [36m>[39m
          [0mSubmit[0m
        [36m</button>[39m
      [36m</div>[39m
    [36m</div>[39m
  [36m</div>[39m
[36m</body>[39m

 [33mâ¯[39m src/app/tickets/tickets.spec.tsx [2m ([22m[2m5 tests[22m [2m|[22m [31m5 failed[39m[2m)[22m[90m 116[2mms[22m[39m
[31m   [33mâ¯[31m src/app/tickets/tickets.spec.tsx[2m > [22mApp[2m > [22mrenders the first card and ensure that all the data is the same[39m
[31m     â†’ expected 'Status: On Progress' to be 'On Progress' // Object.is equality[39m
[31m   [33mâ¯[31m src/app/tickets/tickets.spec.tsx[2m > [22mApp[2m > [22mrenders one card and then update the main store to render a second card[39m
[31m     â†’ expected 'Status: On Progress' to be 'On Progress' // Object.is equality[39m
[31m   [33mâ¯[31m src/app/tickets/tickets.spec.tsx[2m > [22mApp[2m > [22mrenders one card and then update the main store to render a second card but with completed status, should not be present on the screen[39m
[31m     â†’ expected 'Status: On Progress' to be 'On Progress' // Object.is equality[39m
[31m   [33mâ¯[31m src/app/tickets/tickets.spec.tsx[2m > [22mApp[2m > [22mrenders one card and then update filter by status, should display ticket3 and hide ticket 1[39m
[31m     â†’ expected 'Status: On Progress' to be 'On Progress' // Object.is equality[39m
[31m   [33mâ¯[31m src/app/tickets/tickets.spec.tsx[2m > [22mApp[2m > [22mrenders the first card AND call the navigation[39m
[31m     â†’ expected 'Agent: Daisy' to be 'Daisy' // Object.is equality[39m

[31mâ¯â¯â¯â¯â¯â¯â¯[1m[7m Failed Tests 5 [27m[22mâ¯â¯â¯â¯â¯â¯â¯[39m

[31m[1m[7m FAIL [27m[22m[39m src/app/tickets/tickets.spec.tsx[2m > [22mApp[2m > [22mrenders the first card and ensure that all the data is the same
[31m[1mAssertionError[22m: expected 'Status: On Progress' to be 'On Progress' // Object.is equality[39m

[32m- Expected[39m
[31m+ Received[39m

[32m- On Progress[39m
[31m+ Status: On Progress[39m

[36m [2mâ¯[22m src/app/tickets/tickets.spec.tsx:[2m77:36[22m[39m
    [90m 75| [39m
    [90m 76| [39m    expect(cardDescription.textContent).toBe(TICKET_1_MOCK.descriptionâ€¦
    [90m 77| [39m    expect(cardStatus.textContent).toBe(
    [90m   | [39m                                   [31m^[39m
    [90m 78| [39m      ticketToHumanStatus(TICKET_1_MOCK.completed)
    [90m 79| [39m    );

[31m[2mâ¯â¯â¯â¯â¯â¯â¯â¯â¯â¯â¯â¯â¯â¯â¯â¯â¯â¯â¯â¯â¯â¯â¯â¯[1/5]â¯[22m[39m

[31m[1m[7m FAIL [27m[22m[39m src/app/tickets/tickets.spec.tsx[2m > [22mApp[2m > [22mrenders one card and then update the main store to render a second card
[31m[1mAssertionError[22m: expected 'Status: On Progress' to be 'On Progress' // Object.is equality[39m

[32m- Expected[39m
[31m+ Received[39m

[32m- On Progress[39m
[31m+ Status: On Progress[39m

[36m [2mâ¯[22m src/app/tickets/tickets.spec.tsx:[2m99:36[22m[39m
    [90m 97| [39m
    [90m 98| [39m    expect(cardDescription.textContent).toBe(TICKET_1_MOCK.descriptionâ€¦
    [90m 99| [39m    expect(cardStatus.textContent).toBe(
    [90m   | [39m                                   [31m^[39m
    [90m100| [39m      ticketToHumanStatus(TICKET_1_MOCK.completed)
    [90m101| [39m    );

[31m[2mâ¯â¯â¯â¯â¯â¯â¯â¯â¯â¯â¯â¯â¯â¯â¯â¯â¯â¯â¯â¯â¯â¯â¯â¯[2/5]â¯[22m[39m

[31m[1m[7m FAIL [27m[22m[39m src/app/tickets/tickets.spec.tsx[2m > [22mApp[2m > [22mrenders one card and then update the main store to render a second card but with completed status, should not be present on the screen
[31m[1mAssertionError[22m: expected 'Status: On Progress' to be 'On Progress' // Object.is equality[39m

[32m- Expected[39m
[31m+ Received[39m

[32m- On Progress[39m
[31m+ Status: On Progress[39m

[36m [2mâ¯[22m src/app/tickets/tickets.spec.tsx:[2m141:36[22m[39m
    [90m139| [39m
    [90m140| [39m    expect(cardDescription.textContent).toBe(TICKET_1_MOCK.descriptionâ€¦
    [90m141| [39m    expect(cardStatus.textContent).toBe(
    [90m   | [39m                                   [31m^[39m
    [90m142| [39m      ticketToHumanStatus(TICKET_1_MOCK.completed)
    [90m143| [39m    );

[31m[2mâ¯â¯â¯â¯â¯â¯â¯â¯â¯â¯â¯â¯â¯â¯â¯â¯â¯â¯â¯â¯â¯â¯â¯â¯[3/5]â¯[22m[39m

[31m[1m[7m FAIL [27m[22m[39m src/app/tickets/tickets.spec.tsx[2m > [22mApp[2m > [22mrenders one card and then update filter by status, should display ticket3 and hide ticket 1
[31m[1mAssertionError[22m: expected 'Status: On Progress' to be 'On Progress' // Object.is equality[39m

[32m- Expected[39m
[31m+ Received[39m

[32m- On Progress[39m
[31m+ Status: On Progress[39m

[36m [2mâ¯[22m src/app/tickets/tickets.spec.tsx:[2m173:36[22m[39m
    [90m171| [39m
    [90m172| [39m    expect(cardDescription.textContent).toBe(TICKET_1_MOCK.descriptionâ€¦
    [90m173| [39m    expect(cardStatus.textContent).toBe(
    [90m   | [39m                                   [31m^[39m
    [90m174| [39m      ticketToHumanStatus(TICKET_1_MOCK.completed)
    [90m175| [39m    );

[31m[2mâ¯â¯â¯â¯â¯â¯â¯â¯â¯â¯â¯â¯â¯â¯â¯â¯â¯â¯â¯â¯â¯â¯â¯â¯[4/5]â¯[22m[39m

[31m[1m[7m FAIL [27m[22m[39m src/app/tickets/tickets.spec.tsx[2m > [22mApp[2m > [22mrenders the first card AND call the navigation
[31m[1mAssertionError[22m: expected 'Agent: Daisy' to be 'Daisy' // Object.is equality[39m

[32m- Expected[39m
[31m+ Received[39m

[32m- Daisy[39m
[31m+ Agent: Daisy[39m

[36m [2mâ¯[22m src/app/tickets/tickets.spec.tsx:[2m219:42[22m[39m
    [90m217| [39m      "Status: " + ticketToHumanStatus(TICKET_1_MOCK.completed)
    [90m218| [39m    );
    [90m219| [39m    expect(cardUserAssigned.textContent).toBe(
    [90m   | [39m                                         [31m^[39m
    [90m220| [39m      USER_MOCKS.filter((user) => user.id === TICKET_1_MOCK.assigneeIdâ€¦
    [90m221| [39m    );

[31m[2mâ¯â¯â¯â¯â¯â¯â¯â¯â¯â¯â¯â¯â¯â¯â¯â¯â¯â¯â¯â¯â¯â¯â¯â¯[5/5]â¯[22m[39m

[2m Test Files [22m [1m[31m1 failed[39m[22m[2m | [22m[1m[32m8 passed[39m[22m[90m (9)[39m
[2m      Tests [22m [1m[31m5 failed[39m[22m[2m | [22m[1m[32m8 passed[39m[22m[90m (13)[39m
[2m   Start at [22m 11:56:15
[2m   Duration [22m 2.22s[2m (transform 473ms, setup 3ms, collect 4.75s, tests 501ms, environment 6.52s, prepare 1.16s)[22m

